SF:lib\bloc\expenses\expenses_bloc.dart
DA:20,2
DA:21,6
DA:22,4
DA:23,4
DA:24,4
DA:25,4
DA:28,2
DA:29,6
DA:30,6
DA:31,4
DA:32,6
DA:33,2
DA:36,0
DA:37,0
DA:38,0
DA:39,0
DA:42,0
DA:43,0
DA:44,0
DA:45,0
DA:46,0
DA:47,0
DA:48,0
DA:51,2
DA:52,10
DA:55,2
DA:56,6
DA:57,12
DA:58,6
DA:63,2
DA:64,6
DA:69,2
DA:71,4
DA:72,4
DA:75,0
DA:78,2
DA:79,4
DA:80,4
DA:82,2
DA:83,0
DA:87,2
DA:88,0
DA:92,4
DA:93,4
DA:95,4
DA:97,2
DA:102,0
DA:103,0
DA:104,0
DA:109,2
DA:111,4
DA:112,4
DA:115,4
DA:118,2
DA:120,2
DA:121,2
DA:122,2
DA:123,4
DA:127,2
DA:128,0
DA:132,4
DA:133,4
DA:135,4
DA:137,2
DA:142,2
DA:144,2
DA:146,2
DA:147,2
DA:148,2
DA:152,2
DA:153,4
DA:154,4
DA:155,4
DA:157,4
DA:159,2
LF:75
LH:57
end_of_record
SF:lib\bloc\expenses\expenses_event.dart
DA:5,2
DA:11,2
DA:15,0
DA:19,0
DA:31,2
LF:5
LH:3
end_of_record
SF:lib\bloc\expenses\expenses_state.dart
DA:15,2
DA:22,2
DA:28,2
DA:29,2
DA:30,2
DA:31,2
DA:32,2
DA:33,2
DA:36,2
DA:38,2
DA:39,2
DA:40,2
DA:41,2
DA:42,2
DA:43,2
LF:15
LH:15
end_of_record
SF:lib\model\bill.dart
DA:17,2
DA:18,2
DA:21,2
DA:22,2
DA:25,2
DA:26,2
DA:29,2
DA:30,2
DA:82,2
DA:96,0
DA:109,0
DA:110,0
DA:111,0
DA:112,0
DA:113,0
DA:114,0
DA:115,0
DA:116,0
DA:117,0
DA:118,0
DA:119,0
DA:120,0
DA:121,0
DA:124,2
DA:125,2
DA:126,2
DA:127,2
DA:128,4
DA:129,2
DA:133,0
DA:134,0
DA:135,0
DA:136,0
DA:137,0
DA:143,0
DA:144,0
DA:146,0
DA:147,0
DA:148,0
DA:149,0
DA:150,0
DA:154,4
DA:156,4
DA:158,0
DA:159,0
DA:160,0
DA:163,0
DA:164,0
DA:168,2
DA:169,2
DA:170,4
DA:171,4
DA:172,2
DA:175,8
DA:177,6
DA:179,0
DA:180,0
DA:181,0
DA:183,0
DA:185,0
DA:186,0
DA:187,0
DA:189,0
DA:190,0
DA:191,0
DA:195,0
DA:196,0
DA:197,0
DA:202,0
DA:207,2
DA:209,2
DA:210,2
DA:211,2
DA:212,2
DA:213,2
DA:214,2
DA:215,2
DA:216,2
DA:217,2
DA:218,2
DA:219,2
DA:220,2
DA:221,2
LF:83
LH:38
end_of_record
SF:lib\model\bill.g.dart
DA:9,4
DA:10,2
DA:11,2
DA:12,4
DA:13,4
DA:14,4
DA:15,2
DA:16,4
DA:17,2
DA:18,2
DA:19,2
DA:20,2
DA:21,2
DA:24,4
DA:25,2
DA:26,2
DA:27,4
DA:28,4
DA:29,4
DA:30,2
DA:31,4
DA:32,2
DA:33,2
DA:34,2
DA:35,2
DA:36,2
LF:26
LH:26
end_of_record
SF:lib\repository\expenditure_repo.dart
DA:10,2
DA:12,0
DA:13,0
DA:16,0
DA:17,0
DA:20,0
DA:21,0
DA:24,0
DA:25,0
DA:28,0
DA:29,0
DA:32,0
DA:33,0
DA:36,0
DA:37,0
DA:40,0
DA:41,0
DA:44,2
DA:45,4
DA:48,0
DA:49,0
DA:52,0
DA:53,0
DA:56,0
DA:57,0
DA:60,0
DA:61,0
DA:64,0
DA:65,0
DA:68,2
DA:69,4
DA:72,2
DA:73,4
DA:76,0
DA:77,0
DA:80,2
DA:81,6
DA:84,0
DA:85,0
DA:88,2
DA:89,4
DA:92,2
DA:93,4
DA:96,0
DA:97,0
DA:100,0
DA:101,0
DA:104,2
DA:105,4
LF:49
LH:15
end_of_record
SF:lib\service\database.dart
DA:19,0
DA:20,0
DA:24,0
DA:25,0
DA:26,0
DA:27,0
DA:30,0
DA:31,0
DA:32,0
DA:33,0
DA:34,0
DA:36,0
DA:37,0
DA:38,0
DA:39,0
DA:40,0
DA:41,0
DA:42,0
DA:43,0
DA:44,0
DA:45,0
DA:46,0
DA:48,0
DA:51,0
DA:52,0
DA:53,0
DA:55,0
DA:59,0
DA:62,0
DA:63,0
DA:66,2
DA:67,4
DA:70,0
DA:71,0
DA:72,0
DA:73,0
DA:74,0
DA:75,0
DA:76,0
DA:77,0
DA:78,0
DA:79,0
DA:81,0
DA:82,0
DA:85,0
DA:86,0
DA:87,0
DA:90,2
DA:91,6
DA:94,0
DA:95,0
DA:96,0
DA:99,2
DA:100,4
DA:103,0
DA:105,0
DA:107,0
DA:111,0
DA:112,0
DA:113,0
DA:114,0
DA:117,0
DA:118,0
DA:119,0
DA:122,0
DA:123,0
DA:126,0
DA:127,0
DA:128,0
DA:129,0
DA:130,0
DA:133,0
DA:134,0
DA:137,0
DA:138,0
DA:139,0
DA:142,2
DA:143,8
DA:145,4
DA:146,2
DA:147,4
DA:148,2
DA:149,2
DA:150,2
DA:152,2
DA:153,2
DA:156,0
DA:157,0
DA:158,0
DA:161,0
DA:162,0
DA:163,0
DA:166,0
DA:167,0
DA:168,0
DA:170,0
DA:171,0
DA:172,0
DA:175,2
DA:176,4
DA:178,10
DA:179,2
DA:180,2
DA:183,0
DA:184,0
DA:186,0
DA:187,0
DA:188,0
DA:191,0
DA:192,0
DA:194,0
DA:196,0
DA:197,0
DA:198,0
DA:201,0
DA:203,0
DA:204,0
DA:207,2
DA:208,6
DA:209,2
DA:210,4
DA:213,2
DA:214,2
DA:218,0
DA:219,0
DA:221,0
DA:222,0
DA:226,0
DA:227,0
DA:229,0
DA:231,0
DA:235,2
DA:237,8
DA:238,4
DA:246,0
DA:248,0
DA:249,0
DA:257,0
DA:259,0
DA:260,0
DA:261,0
DA:262,0
DA:264,0
DA:265,0
DA:272,0
DA:274,0
DA:276,0
DA:279,0
DA:280,0
LF:149
LH:30
end_of_record
SF:lib\service\queries.dart
DA:6,0
DA:8,4
DA:16,2
DA:18,4
DA:33,2
DA:152,0
DA:175,0
DA:177,0
DA:189,0
DA:192,0
DA:203,0
DA:206,4
DA:215,2
DA:217,0
DA:223,0
DA:225,0
DA:237,0
DA:239,4
DA:244,2
DA:245,0
DA:259,0
LF:21
LH:8
end_of_record
SF:lib\util\app_utils.dart
DA:5,2
DA:9,0
DA:10,0
DA:11,0
DA:12,0
DA:15,0
DA:16,0
DA:17,0
DA:18,0
LF:9
LH:1
end_of_record
SF:lib\model\bill_type.dart
DA:19,2
DA:21,2
DA:22,2
DA:24,4
DA:26,2
DA:27,6
LF:6
LH:6
end_of_record
SF:lib\model\bill_type.g.dart
DA:9,4
DA:10,2
DA:11,2
DA:12,2
DA:15,4
DA:16,2
DA:17,2
DA:18,2
LF:8
LH:8
end_of_record
SF:lib\model\budget.dart
DA:13,0
DA:15,0
DA:18,0
DA:22,0
DA:24,0
DA:25,0
DA:28,0
DA:29,0
DA:32,0
DA:33,0
DA:34,0
DA:35,0
DA:37,0
DA:38,0
LF:14
LH:0
end_of_record
