SF:lib\bloc\expenses\expenses_bloc.dart
DA:20,2
DA:21,6
DA:22,4
DA:23,4
DA:24,4
DA:25,4
DA:28,2
DA:29,6
DA:30,6
DA:31,4
DA:32,6
DA:33,2
DA:36,0
DA:37,0
DA:38,0
DA:39,0
DA:42,0
DA:43,0
DA:44,0
DA:45,0
DA:46,0
DA:47,0
DA:50,2
DA:51,10
DA:54,2
DA:55,6
DA:56,12
DA:57,6
DA:62,2
DA:63,6
DA:69,0
DA:71,0
DA:72,0
DA:75,0
DA:78,0
DA:79,0
DA:80,0
DA:82,0
DA:83,0
DA:87,0
DA:88,0
DA:92,0
DA:93,0
DA:95,0
DA:97,0
DA:102,0
DA:103,0
DA:104,0
DA:111,0
DA:113,0
DA:114,0
DA:117,0
DA:120,0
DA:121,0
DA:122,0
DA:124,0
DA:125,0
DA:126,0
DA:130,0
DA:131,0
DA:135,0
DA:136,0
DA:138,0
DA:140,0
DA:145,0
DA:146,0
DA:147,0
DA:148,0
DA:150,0
DA:151,0
LF:70
LH:20
end_of_record
SF:lib\bloc\expenses\expenses_event.dart
DA:5,2
DA:11,2
DA:15,0
DA:19,0
DA:31,2
LF:5
LH:3
end_of_record
SF:lib\bloc\expenses\expenses_state.dart
DA:15,2
DA:22,2
DA:28,2
DA:29,2
DA:30,2
DA:31,2
DA:32,2
DA:33,2
DA:36,2
DA:38,2
DA:39,2
DA:40,2
DA:41,2
DA:42,2
DA:43,2
LF:15
LH:15
end_of_record
SF:lib\model\bill.dart
DA:16,2
DA:17,2
DA:20,2
DA:21,2
DA:24,2
DA:25,2
DA:28,2
DA:29,2
DA:80,2
DA:94,0
DA:107,0
DA:108,0
DA:109,0
DA:110,0
DA:111,0
DA:112,0
DA:113,0
DA:114,0
DA:115,0
DA:116,0
DA:117,0
DA:118,0
DA:119,0
DA:122,2
DA:123,2
DA:124,2
DA:125,2
DA:126,4
DA:127,2
DA:131,0
DA:132,0
DA:133,0
DA:134,0
DA:135,0
DA:141,0
DA:142,0
DA:144,0
DA:145,0
DA:146,0
DA:147,0
DA:148,0
DA:152,4
DA:154,4
DA:156,0
DA:157,0
DA:158,0
DA:161,0
DA:162,0
DA:166,8
DA:168,6
DA:170,0
DA:171,0
DA:172,0
DA:174,0
DA:176,0
DA:177,0
DA:178,0
DA:180,0
DA:181,0
DA:182,0
DA:186,0
DA:187,0
DA:188,0
DA:193,0
DA:198,2
DA:200,2
DA:201,2
DA:202,2
DA:203,2
DA:204,2
DA:205,2
DA:206,2
DA:207,2
DA:208,2
DA:209,2
DA:210,2
DA:211,2
DA:212,2
LF:78
LH:33
end_of_record
SF:lib\model\bill.g.dart
DA:9,4
DA:10,2
DA:11,2
DA:12,4
DA:13,4
DA:14,4
DA:15,2
DA:16,4
DA:17,2
DA:18,2
DA:19,2
DA:20,2
DA:21,2
DA:24,4
DA:25,2
DA:26,2
DA:27,4
DA:28,4
DA:29,4
DA:30,2
DA:31,4
DA:32,2
DA:33,2
DA:34,2
DA:35,2
DA:36,2
LF:26
LH:26
end_of_record
SF:lib\repository\expenditure_repo.dart
DA:10,2
DA:12,0
DA:13,0
DA:16,0
DA:17,0
DA:20,0
DA:21,0
DA:24,0
DA:25,0
DA:28,0
DA:29,0
DA:32,0
DA:33,0
DA:36,0
DA:37,0
DA:40,0
DA:41,0
DA:44,2
DA:45,4
DA:48,0
DA:49,0
DA:52,0
DA:53,0
DA:56,0
DA:57,0
DA:60,0
DA:61,0
DA:64,0
DA:65,0
DA:68,2
DA:69,4
DA:72,2
DA:73,4
DA:76,0
DA:77,0
DA:80,2
DA:81,6
DA:84,0
DA:85,0
DA:88,0
DA:89,0
DA:92,0
DA:93,0
DA:96,0
DA:97,0
DA:100,0
DA:101,0
LF:47
LH:9
end_of_record
SF:lib\service\database.dart
DA:19,0
DA:20,0
DA:24,0
DA:25,0
DA:26,0
DA:27,0
DA:30,0
DA:31,0
DA:32,0
DA:33,0
DA:34,0
DA:36,0
DA:37,0
DA:38,0
DA:40,0
DA:41,0
DA:42,0
DA:43,0
DA:44,0
DA:45,0
DA:46,0
DA:49,0
DA:50,0
DA:51,0
DA:53,0
DA:57,0
DA:60,0
DA:61,0
DA:64,2
DA:65,4
DA:68,0
DA:69,0
DA:70,0
DA:71,0
DA:72,0
DA:73,0
DA:74,0
DA:75,0
DA:76,0
DA:77,0
DA:79,0
DA:80,0
DA:83,0
DA:84,0
DA:85,0
DA:88,2
DA:89,6
DA:92,0
DA:93,0
DA:94,0
DA:97,0
DA:98,0
DA:101,0
DA:103,0
DA:105,0
DA:109,0
DA:110,0
DA:111,0
DA:112,0
DA:115,0
DA:116,0
DA:117,0
DA:120,0
DA:121,0
DA:124,0
DA:125,0
DA:126,0
DA:127,0
DA:128,0
DA:131,0
DA:132,0
DA:135,0
DA:136,0
DA:137,0
DA:140,2
DA:142,8
DA:144,4
DA:145,2
DA:146,4
DA:147,2
DA:148,2
DA:149,2
DA:151,2
DA:152,2
DA:155,0
DA:156,0
DA:157,0
DA:160,0
DA:161,0
DA:162,0
DA:165,0
DA:166,0
DA:167,0
DA:169,0
DA:170,0
DA:171,0
DA:174,2
DA:175,4
DA:177,10
DA:178,2
DA:179,2
DA:182,0
DA:183,0
DA:185,0
DA:186,0
DA:187,0
DA:190,0
DA:191,0
DA:193,0
DA:195,0
DA:196,0
DA:197,0
DA:200,0
DA:202,0
DA:203,0
DA:206,0
DA:207,0
DA:208,0
DA:209,0
DA:211,0
DA:212,0
DA:215,0
DA:216,0
DA:217,0
DA:220,0
DA:221,0
DA:222,0
DA:231,0
DA:233,0
DA:234,0
DA:242,0
DA:244,0
DA:245,0
DA:246,0
DA:247,0
DA:249,0
DA:250,0
DA:257,0
DA:259,0
DA:261,0
DA:264,0
DA:265,0
LF:142
LH:19
end_of_record
SF:lib\service\queries.dart
DA:3,0
DA:149,0
DA:172,0
DA:174,0
DA:186,0
DA:189,0
DA:200,0
DA:203,4
DA:212,2
DA:214,0
DA:220,0
DA:222,0
DA:234,0
DA:236,0
DA:250,0
LF:15
LH:2
end_of_record
SF:lib\util\app_utils.dart
DA:5,2
DA:9,0
DA:10,0
DA:11,0
DA:12,0
DA:15,0
DA:16,0
DA:17,0
DA:18,0
LF:9
LH:1
end_of_record
SF:lib\model\bill_type.dart
DA:17,2
DA:19,2
DA:20,2
DA:22,4
DA:24,2
DA:25,6
LF:6
LH:6
end_of_record
SF:lib\model\bill_type.g.dart
DA:9,4
DA:10,2
DA:11,2
DA:12,2
DA:15,4
DA:16,2
DA:17,2
DA:18,2
LF:8
LH:8
end_of_record
SF:lib\model\budget.dart
DA:12,0
DA:14,0
DA:17,0
DA:21,0
DA:23,0
DA:24,0
DA:27,0
DA:28,0
DA:31,0
DA:32,0
DA:33,0
DA:34,0
DA:36,0
DA:37,0
LF:14
LH:0
end_of_record
